22:05:36.568 [main] INFO  testCases.TC_001_AccountRegistrationTest - ***Starting TC_001_AccountRegistrationTest***
22:05:36.978 [main] INFO  testCases.TC_001_AccountRegistrationTest - Clicked on My account link
22:05:37.512 [main] INFO  testCases.TC_001_AccountRegistrationTest - Clicked on register link
22:05:37.518 [main] INFO  testCases.TC_001_AccountRegistrationTest - Providing customer data
22:05:40.611 [main] INFO  testCases.TC_001_AccountRegistrationTest - Clicked on continue
22:05:40.669 [main] INFO  testCases.TC_001_AccountRegistrationTest - Validating expected message
22:05:40.672 [main] INFO  testCases.TC_001_AccountRegistrationTest - ***  Finished TC_001_AccountRegistrationTest ***
22:08:25.008 [main] DEBUG io.netty.util.internal.logging.InternalLoggerFactory - Using Log4J2 as the default logging framework
22:08:25.020 [main] DEBUG io.netty.util.ResourceLeakDetector - -Dio.netty.leakDetection.level: simple
22:08:25.020 [main] DEBUG io.netty.util.ResourceLeakDetector - -Dio.netty.leakDetection.targetRecords: 4
22:08:25.024 [main] DEBUG io.netty.util.ResourceLeakDetectorFactory - Loaded default ResourceLeakDetector: io.netty.util.ResourceLeakDetector@537b32ef
22:08:25.042 [main] DEBUG io.netty.util.internal.PlatformDependent0 - -Dio.netty.noUnsafe: false
22:08:25.042 [main] DEBUG io.netty.util.internal.PlatformDependent0 - Java version: 11
22:08:25.043 [main] DEBUG io.netty.util.internal.PlatformDependent0 - sun.misc.Unsafe.theUnsafe: available
22:08:25.044 [main] DEBUG io.netty.util.internal.PlatformDependent0 - sun.misc.Unsafe.copyMemory: available
22:08:25.044 [main] DEBUG io.netty.util.internal.PlatformDependent0 - sun.misc.Unsafe.storeFence: available
22:08:25.044 [main] DEBUG io.netty.util.internal.PlatformDependent0 - java.nio.Buffer.address: available
22:08:25.045 [main] DEBUG io.netty.util.internal.PlatformDependent0 - direct buffer constructor: unavailable: Reflective setAccessible(true) disabled
22:08:25.046 [main] DEBUG io.netty.util.internal.PlatformDependent0 - java.nio.Bits.unaligned: available, true
22:08:25.047 [main] DEBUG io.netty.util.internal.PlatformDependent0 - jdk.internal.misc.Unsafe.allocateUninitializedArray(int): unavailable: class io.netty.util.internal.PlatformDependent0$7 cannot access class jdk.internal.misc.Unsafe (in module java.base) because module java.base does not export jdk.internal.misc to unnamed module @3e58d65e
22:08:25.047 [main] DEBUG io.netty.util.internal.PlatformDependent0 - java.nio.DirectByteBuffer.<init>(long, int): unavailable
22:08:25.047 [main] DEBUG io.netty.util.internal.PlatformDependent - sun.misc.Unsafe: available
22:08:25.048 [main] DEBUG io.netty.util.internal.PlatformDependent - maxDirectMemory: 2105540608 bytes (maybe)
22:08:25.048 [main] DEBUG io.netty.util.internal.PlatformDependent - -Dio.netty.tmpdir: C:\Users\adhis\AppData\Local\Temp (java.io.tmpdir)
22:08:25.048 [main] DEBUG io.netty.util.internal.PlatformDependent - -Dio.netty.bitMode: 64 (sun.arch.data.model)
22:08:25.049 [main] DEBUG io.netty.util.internal.PlatformDependent - Platform: Windows
22:08:25.050 [main] DEBUG io.netty.util.internal.PlatformDependent - -Dio.netty.maxDirectMemory: -1 bytes
22:08:25.050 [main] DEBUG io.netty.util.internal.PlatformDependent - -Dio.netty.uninitializedArrayAllocationThreshold: -1
22:08:25.051 [main] DEBUG io.netty.util.internal.CleanerJava9 - java.nio.ByteBuffer.cleaner(): available
22:08:25.051 [main] DEBUG io.netty.util.internal.PlatformDependent - -Dio.netty.noPreferDirect: false
22:08:25.059 [main] DEBUG io.netty.util.internal.PlatformDependent - org.jctools-core.MpscChunkedArrayQueue: available
22:08:25.076 [main] DEBUG io.netty.util.internal.InternalThreadLocalMap - -Dio.netty.threadLocalMap.stringBuilder.initialSize: 1024
22:08:25.076 [main] DEBUG io.netty.util.internal.InternalThreadLocalMap - -Dio.netty.threadLocalMap.stringBuilder.maxSize: 4096
22:08:25.215 [main] DEBUG io.netty.handler.ssl.JdkSslContext - Default protocols (JDK): [TLSv1.3, TLSv1.2] 
22:08:25.216 [main] DEBUG io.netty.handler.ssl.JdkSslContext - Default cipher suites (JDK): [TLS_ECDHE_ECDSA_WITH_AES_256_GCM_SHA384, TLS_ECDHE_ECDSA_WITH_AES_128_GCM_SHA256, TLS_ECDHE_RSA_WITH_AES_128_GCM_SHA256, TLS_ECDHE_RSA_WITH_AES_256_GCM_SHA384, TLS_ECDHE_RSA_WITH_AES_128_CBC_SHA, TLS_ECDHE_RSA_WITH_AES_256_CBC_SHA, TLS_RSA_WITH_AES_128_GCM_SHA256, TLS_RSA_WITH_AES_128_CBC_SHA, TLS_RSA_WITH_AES_256_CBC_SHA, TLS_AES_128_GCM_SHA256, TLS_AES_256_GCM_SHA384]
22:08:25.251 [main] DEBUG io.netty.channel.MultithreadEventLoopGroup - -Dio.netty.eventLoopThreads: 16
22:08:25.261 [main] DEBUG io.netty.channel.nio.NioEventLoop - -Dio.netty.noKeySetOptimization: false
22:08:25.262 [main] DEBUG io.netty.channel.nio.NioEventLoop - -Dio.netty.selectorAutoRebuildThreshold: 512
22:08:25.310 [main] DEBUG io.netty.buffer.PooledByteBufAllocator - -Dio.netty.allocator.numHeapArenas: 16
22:08:25.310 [main] DEBUG io.netty.buffer.PooledByteBufAllocator - -Dio.netty.allocator.numDirectArenas: 16
22:08:25.310 [main] DEBUG io.netty.buffer.PooledByteBufAllocator - -Dio.netty.allocator.pageSize: 8192
22:08:25.310 [main] DEBUG io.netty.buffer.PooledByteBufAllocator - -Dio.netty.allocator.maxOrder: 9
22:08:25.310 [main] DEBUG io.netty.buffer.PooledByteBufAllocator - -Dio.netty.allocator.chunkSize: 4194304
22:08:25.310 [main] DEBUG io.netty.buffer.PooledByteBufAllocator - -Dio.netty.allocator.smallCacheSize: 256
22:08:25.310 [main] DEBUG io.netty.buffer.PooledByteBufAllocator - -Dio.netty.allocator.normalCacheSize: 64
22:08:25.310 [main] DEBUG io.netty.buffer.PooledByteBufAllocator - -Dio.netty.allocator.maxCachedBufferCapacity: 32768
22:08:25.310 [main] DEBUG io.netty.buffer.PooledByteBufAllocator - -Dio.netty.allocator.cacheTrimInterval: 8192
22:08:25.310 [main] DEBUG io.netty.buffer.PooledByteBufAllocator - -Dio.netty.allocator.cacheTrimIntervalMillis: 0
22:08:25.310 [main] DEBUG io.netty.buffer.PooledByteBufAllocator - -Dio.netty.allocator.useCacheForAllThreads: false
22:08:25.311 [main] DEBUG io.netty.buffer.PooledByteBufAllocator - -Dio.netty.allocator.maxCachedByteBuffersPerChunk: 1023
22:08:25.322 [main] DEBUG io.netty.buffer.ByteBufUtil - -Dio.netty.allocator.type: pooled
22:08:25.322 [main] DEBUG io.netty.buffer.ByteBufUtil - -Dio.netty.threadLocalDirectBufferSize: 0
22:08:25.322 [main] DEBUG io.netty.buffer.ByteBufUtil - -Dio.netty.maxThreadLocalCharBufferSize: 16384
22:08:25.652 [Forwarding newSession on session null to remote] DEBUG io.netty.channel.DefaultChannelId - -Dio.netty.processId: 25068 (auto-detected)
22:08:25.653 [Forwarding newSession on session null to remote] DEBUG io.netty.util.NetUtil - -Djava.net.preferIPv4Stack: false
22:08:25.653 [Forwarding newSession on session null to remote] DEBUG io.netty.util.NetUtil - -Djava.net.preferIPv6Addresses: false
22:08:25.761 [Forwarding newSession on session null to remote] DEBUG io.netty.util.NetUtilInitializations - Loopback interface: lo (Software Loopback Interface 1, 127.0.0.1)
22:08:25.762 [Forwarding newSession on session null to remote] DEBUG io.netty.util.NetUtil - Failed to get SOMAXCONN from sysctl and file \proc\sys\net\core\somaxconn. Default: 200
22:08:25.872 [Forwarding newSession on session null to remote] DEBUG io.netty.channel.DefaultChannelId - -Dio.netty.machineId: 14:4f:8a:ff:fe:e2:04:6e (auto-detected)
22:08:25.924 [AsyncHttpClient-1-2] DEBUG io.netty.buffer.AbstractByteBuf - -Dio.netty.buffer.checkAccessible: true
22:08:25.925 [AsyncHttpClient-1-2] DEBUG io.netty.buffer.AbstractByteBuf - -Dio.netty.buffer.checkBounds: true
22:08:25.925 [AsyncHttpClient-1-2] DEBUG io.netty.util.ResourceLeakDetectorFactory - Loaded default ResourceLeakDetector: io.netty.util.ResourceLeakDetector@6278ca8a
22:08:25.949 [AsyncHttpClient-1-2] DEBUG io.netty.util.Recycler - -Dio.netty.recycler.maxCapacityPerThread: 4096
22:08:25.949 [AsyncHttpClient-1-2] DEBUG io.netty.util.Recycler - -Dio.netty.recycler.ratio: 8
22:08:25.949 [AsyncHttpClient-1-2] DEBUG io.netty.util.Recycler - -Dio.netty.recycler.chunkSize: 32
22:08:25.949 [AsyncHttpClient-1-2] DEBUG io.netty.util.Recycler - -Dio.netty.recycler.blocking: false
22:08:26.701 [AsyncHttpClient-1-2] DEBUG io.netty.handler.codec.compression.Brotli - brotli4j not in the classpath; Brotli support will be unavailable.
22:08:26.882 [main] DEBUG io.netty.util.internal.ThreadLocalRandom - -Dio.netty.initialSeedUniquifier: 0xcfac38a41b3f5e5d
22:08:27.848 [main] DEBUG testCases.TC_001_AccountRegistrationTest - application logs.....
22:08:27.848 [main] INFO  testCases.TC_001_AccountRegistrationTest - ***Starting TC_001_AccountRegistrationTest***
22:08:28.238 [main] INFO  testCases.TC_001_AccountRegistrationTest - Clicked on My account link
22:08:28.705 [main] INFO  testCases.TC_001_AccountRegistrationTest - Clicked on register link
22:08:28.708 [main] INFO  testCases.TC_001_AccountRegistrationTest - Providing customer data
22:08:31.687 [main] INFO  testCases.TC_001_AccountRegistrationTest - Clicked on continue
22:08:31.734 [main] INFO  testCases.TC_001_AccountRegistrationTest - Validating expected message
22:08:31.736 [main] INFO  testCases.TC_001_AccountRegistrationTest - ***  Finished TC_001_AccountRegistrationTest ***
14:41:37.161 [main] INFO  testCases.TC_001_AccountRegistrationTest - ***Starting TC_001_AccountRegistrationTest***
14:41:37.587 [main] INFO  testCases.TC_001_AccountRegistrationTest - Clicked on My account link
14:41:38.307 [main] INFO  testCases.TC_001_AccountRegistrationTest - Clicked on register link
14:41:38.311 [main] INFO  testCases.TC_001_AccountRegistrationTest - Providing customer data
14:41:41.631 [main] INFO  testCases.TC_001_AccountRegistrationTest - Clicked on continue
14:41:41.683 [main] INFO  testCases.TC_001_AccountRegistrationTest - Validating expected message
14:41:41.685 [main] INFO  testCases.TC_001_AccountRegistrationTest - ***  Finished TC_001_AccountRegistrationTest ***
14:46:07.425 [main] INFO  testCases.TC_001_AccountRegistrationTest - ***Starting TC_001_AccountRegistrationTest***
14:46:07.505 [main] INFO  testCases.TC_001_AccountRegistrationTest - Clicked on My account link
14:46:07.994 [main] INFO  testCases.TC_001_AccountRegistrationTest - Clicked on register link
14:46:07.998 [main] INFO  testCases.TC_001_AccountRegistrationTest - Providing customer data
14:46:11.177 [main] INFO  testCases.TC_001_AccountRegistrationTest - Clicked on continue
14:46:11.221 [main] INFO  testCases.TC_001_AccountRegistrationTest - Validating expected message
14:46:11.223 [main] INFO  testCases.TC_001_AccountRegistrationTest - ***  Finished TC_001_AccountRegistrationTest ***
14:52:45.951 [TestNG-tests-2] INFO  testCases.TC_001_AccountRegistrationTest - ***Starting TC_001_AccountRegistrationTest***
14:52:46.130 [TestNG-tests-1] INFO  testCases.TC_001_AccountRegistrationTest - ***Starting TC_001_AccountRegistrationTest***
14:52:46.141 [TestNG-tests-2] INFO  testCases.TC_001_AccountRegistrationTest - Clicked on My account link
14:52:46.715 [TestNG-tests-2] INFO  testCases.TC_001_AccountRegistrationTest - Clicked on register link
14:52:46.720 [TestNG-tests-2] INFO  testCases.TC_001_AccountRegistrationTest - Providing customer data
14:52:46.864 [TestNG-tests-1] INFO  testCases.TC_001_AccountRegistrationTest - Clicked on My account link
14:52:47.800 [TestNG-tests-1] INFO  testCases.TC_001_AccountRegistrationTest - Clicked on register link
14:52:47.804 [TestNG-tests-1] INFO  testCases.TC_001_AccountRegistrationTest - Providing customer data
14:52:50.300 [TestNG-tests-2] INFO  testCases.TC_001_AccountRegistrationTest - Clicked on continue
14:52:50.344 [TestNG-tests-2] INFO  testCases.TC_001_AccountRegistrationTest - Validating expected message
14:52:50.346 [TestNG-tests-2] INFO  testCases.TC_001_AccountRegistrationTest - ***  Finished TC_001_AccountRegistrationTest ***
14:52:50.926 [TestNG-tests-1] INFO  testCases.TC_001_AccountRegistrationTest - Clicked on continue
14:52:50.979 [TestNG-tests-1] INFO  testCases.TC_001_AccountRegistrationTest - Validating expected message
14:52:50.980 [TestNG-tests-1] INFO  testCases.TC_001_AccountRegistrationTest - ***  Finished TC_001_AccountRegistrationTest ***
14:53:10.834 [TestNG-tests-1] INFO  testCases.TC_001_AccountRegistrationTest - ***Starting TC_001_AccountRegistrationTest***
14:53:10.949 [TestNG-tests-2] INFO  testCases.TC_001_AccountRegistrationTest - ***Starting TC_001_AccountRegistrationTest***
14:53:11.036 [TestNG-tests-2] INFO  testCases.TC_001_AccountRegistrationTest - Clicked on My account link
14:53:11.509 [TestNG-tests-1] INFO  testCases.TC_001_AccountRegistrationTest - Clicked on My account link
14:53:11.664 [TestNG-tests-2] INFO  testCases.TC_001_AccountRegistrationTest - Clicked on register link
14:53:11.689 [TestNG-tests-2] INFO  testCases.TC_001_AccountRegistrationTest - Providing customer data
14:53:12.410 [TestNG-tests-1] INFO  testCases.TC_001_AccountRegistrationTest - Clicked on register link
14:53:12.416 [TestNG-tests-1] INFO  testCases.TC_001_AccountRegistrationTest - Providing customer data
14:53:15.421 [TestNG-tests-2] INFO  testCases.TC_001_AccountRegistrationTest - Clicked on continue
14:53:15.457 [TestNG-tests-2] INFO  testCases.TC_001_AccountRegistrationTest - Validating expected message
14:53:15.459 [TestNG-tests-2] INFO  testCases.TC_001_AccountRegistrationTest - ***  Finished TC_001_AccountRegistrationTest ***
14:53:15.875 [TestNG-tests-1] INFO  testCases.TC_001_AccountRegistrationTest - Clicked on continue
14:53:15.924 [TestNG-tests-1] INFO  testCases.TC_001_AccountRegistrationTest - Validating expected message
14:53:15.924 [TestNG-tests-1] INFO  testCases.TC_001_AccountRegistrationTest - ***  Finished TC_001_AccountRegistrationTest ***
15:16:14.457 [main] INFO  testCases.TC_001_AccountRegistrationTest - ***Starting TC_001_AccountRegistrationTest***
15:16:14.540 [main] INFO  testCases.TC_001_AccountRegistrationTest - Clicked on My account link
15:16:15.038 [main] INFO  testCases.TC_001_AccountRegistrationTest - Clicked on register link
15:16:15.040 [main] INFO  testCases.TC_001_AccountRegistrationTest - Providing customer data
15:16:18.051 [main] INFO  testCases.TC_001_AccountRegistrationTest - Clicked on continue
15:16:18.090 [main] INFO  testCases.TC_001_AccountRegistrationTest - Validating expected message
15:16:18.092 [main] INFO  testCases.TC_001_AccountRegistrationTest - ***  Finished TC_001_AccountRegistrationTest ***
22:32:02.219 [main] INFO  testCases.TC_002_LoginTest - Starting TC_002_LoginTest
22:32:03.771 [main] INFO  testCases.TC_002_LoginTest -  Finished TC_002_LoginTest
22:40:57.563 [main] INFO  testCases.TC_002_LoginTest - Starting TC_002_LoginTest
22:40:58.615 [main] INFO  testCases.TC_002_LoginTest -  Finished TC_002_LoginTest
23:21:47.654 [main] INFO  testCases.TC_002_LoginTest - Starting TC_002_LoginTest
23:35:38.224 [main] INFO  testCases.TC_002_LoginTest - Starting TC_002_LoginTest
23:35:39.573 [main] INFO  testCases.TC_002_LoginTest -  Finished TC_002_LoginTest
23:36:19.597 [main] INFO  testCases.TC_002_LoginTest - Starting TC_002_LoginTest
00:33:40.951 [main] INFO  testCases.TC_002_LoginTest - Starting TC_002_LoginTest
00:34:28.753 [main] INFO  testCases.TC_002_LoginTest - Starting TC_002_LoginTest
00:34:30.031 [main] INFO  testCases.TC_002_LoginTest -  Finished TC_002_LoginTest
00:35:31.717 [main] INFO  testCases.TC_002_LoginTest - Starting TC_002_LoginTest
00:35:32.871 [main] INFO  testCases.TC_002_LoginTest -  Finished TC_002_LoginTest
00:35:35.134 [main] INFO  testCases.TC_001_AccountRegistrationTest - ***Starting TC_001_AccountRegistrationTest***
00:35:35.333 [main] INFO  testCases.TC_001_AccountRegistrationTest - Clicked on My account link
00:35:36.009 [main] INFO  testCases.TC_001_AccountRegistrationTest - Clicked on register link
00:35:36.015 [main] INFO  testCases.TC_001_AccountRegistrationTest - Providing customer data
00:35:39.141 [main] INFO  testCases.TC_001_AccountRegistrationTest - Clicked on continue
00:35:39.185 [main] INFO  testCases.TC_001_AccountRegistrationTest - Validating expected message
00:35:39.185 [main] INFO  testCases.TC_001_AccountRegistrationTest - ***  Finished TC_001_AccountRegistrationTest ***
00:39:53.877 [main] INFO  testCases.TC_002_LoginTest - Starting TC_002_LoginTest
00:39:55.031 [main] INFO  testCases.TC_002_LoginTest -  Finished TC_002_LoginTest
00:39:57.223 [main] INFO  testCases.TC_001_AccountRegistrationTest - ***Starting TC_001_AccountRegistrationTest***
00:39:57.417 [main] INFO  testCases.TC_001_AccountRegistrationTest - Clicked on My account link
00:39:57.925 [main] INFO  testCases.TC_001_AccountRegistrationTest - Clicked on register link
00:39:57.930 [main] INFO  testCases.TC_001_AccountRegistrationTest - Providing customer data
00:40:00.942 [main] INFO  testCases.TC_001_AccountRegistrationTest - Clicked on continue
00:40:00.987 [main] INFO  testCases.TC_001_AccountRegistrationTest - Validating expected message
00:40:00.988 [main] INFO  testCases.TC_001_AccountRegistrationTest - ***  Finished TC_001_AccountRegistrationTest ***
00:54:02.406 [main] INFO  testCases.TC_002_LoginTest - Starting TC_002_LoginTest
00:54:03.674 [main] INFO  testCases.TC_002_LoginTest -  Finished TC_002_LoginTest
00:54:06.051 [main] INFO  testCases.TC_001_AccountRegistrationTest - ***Starting TC_001_AccountRegistrationTest***
00:54:06.243 [main] INFO  testCases.TC_001_AccountRegistrationTest - Clicked on My account link
00:54:06.703 [main] INFO  testCases.TC_001_AccountRegistrationTest - Clicked on register link
00:54:06.710 [main] INFO  testCases.TC_001_AccountRegistrationTest - Providing customer data
00:54:06.800 [main] INFO  testCases.TC_001_AccountRegistrationTest - Provided First Name 
00:54:06.869 [main] INFO  testCases.TC_001_AccountRegistrationTest - Provided Last Name 
00:54:06.949 [main] INFO  testCases.TC_001_AccountRegistrationTest - Provided Email 
00:54:07.016 [main] INFO  testCases.TC_001_AccountRegistrationTest - Provided Telephone 
00:54:07.081 [main] INFO  testCases.TC_001_AccountRegistrationTest - Provided Password 
00:54:07.150 [main] INFO  testCases.TC_001_AccountRegistrationTest - Provided Confrmed Password 
00:54:07.202 [main] INFO  testCases.TC_001_AccountRegistrationTest - Set Privacy Policy 
00:54:09.614 [main] INFO  testCases.TC_001_AccountRegistrationTest - Clicked on continue
00:54:11.651 [main] INFO  testCases.TC_001_AccountRegistrationTest - Validating expected message
00:54:11.652 [main] INFO  testCases.TC_001_AccountRegistrationTest - ***  Finished TC_001_AccountRegistrationTest ***
00:59:38.769 [main] INFO  testCases.TC_002_LoginTest - Starting TC_002_LoginTest
00:59:40.040 [main] INFO  testCases.TC_002_LoginTest -  Finished TC_002_LoginTest
00:59:42.388 [main] INFO  testCases.TC_001_AccountRegistrationTest - ***Starting TC_001_AccountRegistrationTest***
00:59:42.576 [main] INFO  testCases.TC_001_AccountRegistrationTest - Clicked on My account link
00:59:43.034 [main] INFO  testCases.TC_001_AccountRegistrationTest - Clicked on register link
00:59:43.038 [main] INFO  testCases.TC_001_AccountRegistrationTest - Providing customer data
00:59:43.123 [main] INFO  testCases.TC_001_AccountRegistrationTest - Provided First Name 
00:59:43.199 [main] INFO  testCases.TC_001_AccountRegistrationTest - Provided Last Name 
00:59:43.273 [main] INFO  testCases.TC_001_AccountRegistrationTest - Provided Email 
00:59:43.347 [main] INFO  testCases.TC_001_AccountRegistrationTest - Provided Telephone 
00:59:43.418 [main] INFO  testCases.TC_001_AccountRegistrationTest - Provided Password 
00:59:43.488 [main] INFO  testCases.TC_001_AccountRegistrationTest - Provided Confrmed Password 
00:59:43.542 [main] INFO  testCases.TC_001_AccountRegistrationTest - Set Privacy Policy 
00:59:45.962 [main] INFO  testCases.TC_001_AccountRegistrationTest - Clicked on continue
00:59:48.004 [main] INFO  testCases.TC_001_AccountRegistrationTest - Validating expected message
00:59:48.004 [main] INFO  testCases.TC_001_AccountRegistrationTest - ***  Finished TC_001_AccountRegistrationTest ***
01:01:30.157 [main] INFO  testCases.TC_002_LoginTest - Starting TC_002_LoginTest
01:01:31.304 [main] INFO  testCases.TC_002_LoginTest -  Finished TC_002_LoginTest
01:05:53.233 [main] INFO  testCases.TC_002_LoginTest - Starting TC_002_LoginTest
01:05:54.422 [main] INFO  testCases.TC_002_LoginTest -  Finished TC_002_LoginTest
01:05:57.004 [main] INFO  testCases.TC_001_AccountRegistrationTest - ***Starting TC_001_AccountRegistrationTest***
01:05:57.194 [main] INFO  testCases.TC_001_AccountRegistrationTest - Clicked on My account link
01:05:57.667 [main] INFO  testCases.TC_001_AccountRegistrationTest - Clicked on register link
01:05:57.673 [main] INFO  testCases.TC_001_AccountRegistrationTest - Providing customer data
01:05:57.764 [main] INFO  testCases.TC_001_AccountRegistrationTest - Provided First Name 
01:05:57.837 [main] INFO  testCases.TC_001_AccountRegistrationTest - Provided Last Name 
01:05:57.911 [main] INFO  testCases.TC_001_AccountRegistrationTest - Provided Email 
01:05:57.977 [main] INFO  testCases.TC_001_AccountRegistrationTest - Provided Telephone 
01:05:58.049 [main] INFO  testCases.TC_001_AccountRegistrationTest - Provided Password 
01:05:58.123 [main] INFO  testCases.TC_001_AccountRegistrationTest - Provided Confrmed Password 
01:05:58.182 [main] INFO  testCases.TC_001_AccountRegistrationTest - Set Privacy Policy 
01:06:00.643 [main] INFO  testCases.TC_001_AccountRegistrationTest - Clicked on continue
01:06:02.687 [main] INFO  testCases.TC_001_AccountRegistrationTest - Validating expected message
01:06:02.687 [main] INFO  testCases.TC_001_AccountRegistrationTest - ***  Finished TC_001_AccountRegistrationTest ***
01:09:27.629 [main] INFO  testCases.TC_001_AccountRegistrationTest - ***Starting TC_001_AccountRegistrationTest***
01:09:27.781 [main] INFO  testCases.TC_001_AccountRegistrationTest - Clicked on My account link
01:09:28.257 [main] INFO  testCases.TC_001_AccountRegistrationTest - Clicked on register link
01:09:28.261 [main] INFO  testCases.TC_001_AccountRegistrationTest - Providing customer data
01:09:28.356 [main] INFO  testCases.TC_001_AccountRegistrationTest - Provided First Name 
01:09:28.429 [main] INFO  testCases.TC_001_AccountRegistrationTest - Provided Last Name 
01:09:28.498 [main] INFO  testCases.TC_001_AccountRegistrationTest - Provided Email 
01:09:28.571 [main] INFO  testCases.TC_001_AccountRegistrationTest - Provided Telephone 
01:09:28.642 [main] INFO  testCases.TC_001_AccountRegistrationTest - Provided Password 
01:09:28.711 [main] INFO  testCases.TC_001_AccountRegistrationTest - Provided Confrmed Password 
01:09:28.765 [main] INFO  testCases.TC_001_AccountRegistrationTest - Set Privacy Policy 
01:09:31.234 [main] INFO  testCases.TC_001_AccountRegistrationTest - Clicked on continue
01:09:33.274 [main] INFO  testCases.TC_001_AccountRegistrationTest - Validating expected message
01:09:33.276 [main] INFO  testCases.TC_001_AccountRegistrationTest - ***  Finished TC_001_AccountRegistrationTest ***
01:09:35.560 [main] INFO  testCases.TC_002_LoginTest - Starting TC_002_LoginTest
01:09:36.787 [main] INFO  testCases.TC_002_LoginTest -  Finished TC_002_LoginTest
01:16:08.013 [main] INFO  testCases.TC_001_AccountRegistrationTest - ***Starting TC_001_AccountRegistrationTest***
01:16:08.095 [main] INFO  testCases.TC_001_AccountRegistrationTest - Clicked on My account link
01:16:08.568 [main] INFO  testCases.TC_001_AccountRegistrationTest - Clicked on register link
01:16:08.571 [main] INFO  testCases.TC_001_AccountRegistrationTest - Providing customer data
01:16:08.689 [main] INFO  testCases.TC_001_AccountRegistrationTest - Provided First Name 
01:16:08.779 [main] INFO  testCases.TC_001_AccountRegistrationTest - Provided Last Name 
01:16:08.866 [main] INFO  testCases.TC_001_AccountRegistrationTest - Provided Email 
01:16:08.936 [main] INFO  testCases.TC_001_AccountRegistrationTest - Provided Telephone 
01:16:09.021 [main] INFO  testCases.TC_001_AccountRegistrationTest - Provided Password 
01:16:09.102 [main] INFO  testCases.TC_001_AccountRegistrationTest - Provided Confrmed Password 
01:16:09.416 [main] INFO  testCases.TC_001_AccountRegistrationTest - Set Privacy Policy 
01:16:11.907 [main] INFO  testCases.TC_001_AccountRegistrationTest - Clicked on continue
01:16:13.959 [main] INFO  testCases.TC_001_AccountRegistrationTest - Validating expected message
01:16:16.646 [main] INFO  testCases.TC_002_LoginTest - Starting TC_002_LoginTest
01:16:17.696 [main] INFO  testCases.TC_002_LoginTest -  Finished TC_002_LoginTest
01:17:31.260 [main] INFO  testCases.TC_001_AccountRegistrationTest - ***Starting TC_001_AccountRegistrationTest***
01:17:31.344 [main] INFO  testCases.TC_001_AccountRegistrationTest - Clicked on My account link
01:17:31.761 [main] INFO  testCases.TC_001_AccountRegistrationTest - Clicked on register link
01:17:31.763 [main] INFO  testCases.TC_001_AccountRegistrationTest - Providing customer data
01:17:31.895 [main] INFO  testCases.TC_001_AccountRegistrationTest - Provided First Name 
01:17:31.968 [main] INFO  testCases.TC_001_AccountRegistrationTest - Provided Last Name 
01:17:32.041 [main] INFO  testCases.TC_001_AccountRegistrationTest - Provided Email 
01:17:32.110 [main] INFO  testCases.TC_001_AccountRegistrationTest - Provided Telephone 
01:17:32.182 [main] INFO  testCases.TC_001_AccountRegistrationTest - Provided Password 
01:17:32.267 [main] INFO  testCases.TC_001_AccountRegistrationTest - Provided Confrmed Password 
01:17:32.327 [main] INFO  testCases.TC_001_AccountRegistrationTest - Set Privacy Policy 
01:17:34.805 [main] INFO  testCases.TC_001_AccountRegistrationTest - Clicked on continue
01:17:36.862 [main] INFO  testCases.TC_001_AccountRegistrationTest - Validating expected message
01:17:36.865 [main] INFO  testCases.TC_001_AccountRegistrationTest - ***  Finished TC_001_AccountRegistrationTest ***
01:46:25.773 [main] INFO  testCases.TC_001_AccountRegistrationTest - ***Starting TC_001_AccountRegistrationTest***
01:46:25.906 [main] INFO  testCases.TC_001_AccountRegistrationTest - Clicked on My account link
01:46:26.635 [main] INFO  testCases.TC_001_AccountRegistrationTest - Clicked on register link
01:46:26.638 [main] INFO  testCases.TC_001_AccountRegistrationTest - Providing customer data
01:46:26.759 [main] INFO  testCases.TC_001_AccountRegistrationTest - Provided First Name 
01:46:26.852 [main] INFO  testCases.TC_001_AccountRegistrationTest - Provided Last Name 
01:46:26.943 [main] INFO  testCases.TC_001_AccountRegistrationTest - Provided Email 
01:46:27.024 [main] INFO  testCases.TC_001_AccountRegistrationTest - Provided Telephone 
01:46:27.109 [main] INFO  testCases.TC_001_AccountRegistrationTest - Provided Password 
01:46:27.201 [main] INFO  testCases.TC_001_AccountRegistrationTest - Provided Confrmed Password 
01:46:27.274 [main] INFO  testCases.TC_001_AccountRegistrationTest - Set Privacy Policy 
01:46:29.845 [main] INFO  testCases.TC_001_AccountRegistrationTest - Clicked on continue
01:46:31.894 [main] INFO  testCases.TC_001_AccountRegistrationTest - Validating expected message
01:46:31.897 [main] INFO  testCases.TC_001_AccountRegistrationTest - ***  Finished TC_001_AccountRegistrationTest ***
01:46:34.455 [main] INFO  testCases.TC_002_LoginTest - Starting TC_002_LoginTest
01:46:35.962 [main] INFO  testCases.TC_002_LoginTest -  Finished TC_002_LoginTest
02:22:43.575 [main] INFO  testCases.TC_001_AccountRegistrationTest - ***Starting TC_001_AccountRegistrationTest***
02:22:43.677 [main] INFO  testCases.TC_001_AccountRegistrationTest - Clicked on My account link
02:22:44.123 [main] INFO  testCases.TC_001_AccountRegistrationTest - Clicked on register link
02:22:44.127 [main] INFO  testCases.TC_001_AccountRegistrationTest - Providing customer data
02:22:44.239 [main] INFO  testCases.TC_001_AccountRegistrationTest - Provided First Name 
02:22:44.319 [main] INFO  testCases.TC_001_AccountRegistrationTest - Provided Last Name 
02:22:44.404 [main] INFO  testCases.TC_001_AccountRegistrationTest - Provided Email 
02:22:44.473 [main] INFO  testCases.TC_001_AccountRegistrationTest - Provided Telephone 
02:22:44.541 [main] INFO  testCases.TC_001_AccountRegistrationTest - Provided Password 
02:22:44.621 [main] INFO  testCases.TC_001_AccountRegistrationTest - Provided Confrmed Password 
02:22:44.684 [main] INFO  testCases.TC_001_AccountRegistrationTest - Set Privacy Policy 
02:22:47.129 [main] INFO  testCases.TC_001_AccountRegistrationTest - Clicked on continue
02:22:49.169 [main] INFO  testCases.TC_001_AccountRegistrationTest - Validating expected message
02:22:49.172 [main] INFO  testCases.TC_001_AccountRegistrationTest - ***  Finished TC_001_AccountRegistrationTest ***
02:22:51.598 [main] INFO  testCases.TC_002_LoginTest - Starting TC_002_LoginTest
02:22:52.660 [main] INFO  testCases.TC_002_LoginTest -  Finished TC_002_LoginTest
02:36:05.697 [main] INFO  testCases.TC_001_AccountRegistrationTest - ***Starting TC_001_AccountRegistrationTest***
02:36:05.781 [main] INFO  testCases.TC_001_AccountRegistrationTest - Clicked on My account link
02:36:06.254 [main] INFO  testCases.TC_001_AccountRegistrationTest - Clicked on register link
02:36:06.258 [main] INFO  testCases.TC_001_AccountRegistrationTest - Providing customer data
02:36:06.374 [main] INFO  testCases.TC_001_AccountRegistrationTest - Provided First Name 
02:36:06.467 [main] INFO  testCases.TC_001_AccountRegistrationTest - Provided Last Name 
02:36:06.588 [main] INFO  testCases.TC_001_AccountRegistrationTest - Provided Email 
02:36:06.676 [main] INFO  testCases.TC_001_AccountRegistrationTest - Provided Telephone 
02:36:06.746 [main] INFO  testCases.TC_001_AccountRegistrationTest - Provided Password 
02:36:06.830 [main] INFO  testCases.TC_001_AccountRegistrationTest - Provided Confrmed Password 
02:36:06.884 [main] INFO  testCases.TC_001_AccountRegistrationTest - Set Privacy Policy 
02:36:09.365 [main] INFO  testCases.TC_001_AccountRegistrationTest - Clicked on continue
02:36:11.417 [main] INFO  testCases.TC_001_AccountRegistrationTest - Validating expected message
02:36:11.419 [main] INFO  testCases.TC_001_AccountRegistrationTest - ***  Finished TC_001_AccountRegistrationTest ***
02:36:13.970 [main] INFO  testCases.TC_002_LoginTest - Starting TC_002_LoginTest
02:36:15.079 [main] INFO  testCases.TC_002_LoginTest -  Finished TC_002_LoginTest
17:45:17.203 [main] INFO  testCases.TC_001_AccountRegistrationTest - ***Starting TC_001_AccountRegistrationTest***
17:45:17.312 [main] INFO  testCases.TC_001_AccountRegistrationTest - Clicked on My account link
17:45:18.020 [main] INFO  testCases.TC_001_AccountRegistrationTest - Clicked on register link
17:45:18.023 [main] INFO  testCases.TC_001_AccountRegistrationTest - Providing customer data
17:45:18.121 [main] INFO  testCases.TC_001_AccountRegistrationTest - Provided First Name 
17:45:18.192 [main] INFO  testCases.TC_001_AccountRegistrationTest - Provided Last Name 
17:45:18.279 [main] INFO  testCases.TC_001_AccountRegistrationTest - Provided Email 
17:45:18.358 [main] INFO  testCases.TC_001_AccountRegistrationTest - Provided Telephone 
17:45:18.437 [main] INFO  testCases.TC_001_AccountRegistrationTest - Provided Password 
17:45:18.520 [main] INFO  testCases.TC_001_AccountRegistrationTest - Provided Confrmed Password 
17:45:18.582 [main] INFO  testCases.TC_001_AccountRegistrationTest - Set Privacy Policy 
17:45:21.271 [main] INFO  testCases.TC_001_AccountRegistrationTest - Clicked on continue
17:45:23.327 [main] INFO  testCases.TC_001_AccountRegistrationTest - Validating expected message
17:45:23.330 [main] INFO  testCases.TC_001_AccountRegistrationTest - ***  Finished TC_001_AccountRegistrationTest ***
17:45:25.502 [main] INFO  testCases.TC_002_LoginTest - Starting TC_002_LoginTest
20:28:26.784 [main] INFO  testCases.TC_001_AccountRegistrationTest - ***Starting TC_001_AccountRegistrationTest***
20:28:27.123 [main] INFO  testCases.TC_001_AccountRegistrationTest - Clicked on My account link
20:28:28.032 [main] INFO  testCases.TC_001_AccountRegistrationTest - Clicked on register link
20:28:28.044 [main] INFO  testCases.TC_001_AccountRegistrationTest - Providing customer data
20:28:28.233 [main] INFO  testCases.TC_001_AccountRegistrationTest - Provided First Name 
20:28:28.385 [main] INFO  testCases.TC_001_AccountRegistrationTest - Provided Last Name 
20:28:28.515 [main] INFO  testCases.TC_001_AccountRegistrationTest - Provided Email 
20:28:28.645 [main] INFO  testCases.TC_001_AccountRegistrationTest - Provided Telephone 
20:28:28.761 [main] INFO  testCases.TC_001_AccountRegistrationTest - Provided Password 
20:28:28.879 [main] INFO  testCases.TC_001_AccountRegistrationTest - Provided Confrmed Password 
20:28:28.965 [main] INFO  testCases.TC_001_AccountRegistrationTest - Set Privacy Policy 
20:28:31.889 [main] INFO  testCases.TC_001_AccountRegistrationTest - Clicked on continue
20:28:33.947 [main] INFO  testCases.TC_001_AccountRegistrationTest - Validating expected message
20:28:33.949 [main] INFO  testCases.TC_001_AccountRegistrationTest - ***  Finished TC_001_AccountRegistrationTest ***
20:28:37.097 [main] INFO  testCases.TC_002_LoginTest - Starting TC_002_LoginTest
20:32:15.027 [main] INFO  testCases.TC_001_AccountRegistrationTest - ***Starting TC_001_AccountRegistrationTest***
20:32:15.156 [main] INFO  testCases.TC_001_AccountRegistrationTest - Clicked on My account link
20:32:15.566 [main] INFO  testCases.TC_001_AccountRegistrationTest - Clicked on register link
20:32:15.572 [main] INFO  testCases.TC_001_AccountRegistrationTest - Providing customer data
20:32:15.673 [main] INFO  testCases.TC_001_AccountRegistrationTest - Provided First Name 
20:32:15.760 [main] INFO  testCases.TC_001_AccountRegistrationTest - Provided Last Name 
20:32:15.840 [main] INFO  testCases.TC_001_AccountRegistrationTest - Provided Email 
20:32:15.913 [main] INFO  testCases.TC_001_AccountRegistrationTest - Provided Telephone 
20:32:16.009 [main] INFO  testCases.TC_001_AccountRegistrationTest - Provided Password 
20:32:16.093 [main] INFO  testCases.TC_001_AccountRegistrationTest - Provided Confrmed Password 
20:32:16.165 [main] INFO  testCases.TC_001_AccountRegistrationTest - Set Privacy Policy 
20:32:18.578 [main] INFO  testCases.TC_001_AccountRegistrationTest - Clicked on continue
20:32:20.671 [main] INFO  testCases.TC_001_AccountRegistrationTest - Validating expected message
20:32:20.673 [main] INFO  testCases.TC_001_AccountRegistrationTest - ***  Finished TC_001_AccountRegistrationTest ***
20:32:23.422 [main] INFO  testCases.TC_002_LoginTest - Starting TC_002_LoginTest
11:32:26.667 [main] INFO  testCases.TC_001_AccountRegistrationTest - ***Starting TC_001_AccountRegistrationTest***
11:32:26.795 [main] INFO  testCases.TC_001_AccountRegistrationTest - Clicked on My account link
11:32:27.632 [main] INFO  testCases.TC_001_AccountRegistrationTest - Clicked on register link
11:32:27.632 [main] INFO  testCases.TC_001_AccountRegistrationTest - Providing customer data
11:32:27.763 [main] INFO  testCases.TC_001_AccountRegistrationTest - Provided First Name 
11:32:27.867 [main] INFO  testCases.TC_001_AccountRegistrationTest - Provided Last Name 
11:32:27.979 [main] INFO  testCases.TC_001_AccountRegistrationTest - Provided Email 
11:32:28.075 [main] INFO  testCases.TC_001_AccountRegistrationTest - Provided Telephone 
11:32:28.175 [main] INFO  testCases.TC_001_AccountRegistrationTest - Provided Password 
11:32:28.263 [main] INFO  testCases.TC_001_AccountRegistrationTest - Provided Confrmed Password 
11:32:28.335 [main] INFO  testCases.TC_001_AccountRegistrationTest - Set Privacy Policy 
11:32:31.199 [main] INFO  testCases.TC_001_AccountRegistrationTest - Clicked on continue
11:32:33.248 [main] INFO  testCases.TC_001_AccountRegistrationTest - Validating expected message
11:32:33.256 [main] INFO  testCases.TC_001_AccountRegistrationTest - ***  Finished TC_001_AccountRegistrationTest ***
11:32:39.018 [main] INFO  testCases.TC_002_LoginTest - Starting TC_002_LoginTest
12:58:43.372 [main] INFO  testCases.TC_002_LoginTest - Starting TC_002_LoginTest
12:58:44.508 [main] INFO  testCases.TC_002_LoginTest -  Finished TC_002_LoginTest
12:59:12.335 [main] INFO  testCases.TC_001_AccountRegistrationTest - ***Starting TC_001_AccountRegistrationTest***
12:59:12.518 [main] INFO  testCases.TC_001_AccountRegistrationTest - Clicked on My account link
12:59:12.880 [main] INFO  testCases.TC_001_AccountRegistrationTest - Clicked on register link
12:59:12.884 [main] INFO  testCases.TC_001_AccountRegistrationTest - Providing customer data
12:59:12.995 [main] INFO  testCases.TC_001_AccountRegistrationTest - Provided First Name 
12:59:13.086 [main] INFO  testCases.TC_001_AccountRegistrationTest - Provided Last Name 
12:59:13.183 [main] INFO  testCases.TC_001_AccountRegistrationTest - Provided Email 
12:59:13.251 [main] INFO  testCases.TC_001_AccountRegistrationTest - Provided Telephone 
12:59:13.320 [main] INFO  testCases.TC_001_AccountRegistrationTest - Provided Password 
12:59:13.394 [main] INFO  testCases.TC_001_AccountRegistrationTest - Provided Confrmed Password 
12:59:13.453 [main] INFO  testCases.TC_001_AccountRegistrationTest - Set Privacy Policy 
12:59:15.825 [main] INFO  testCases.TC_001_AccountRegistrationTest - Clicked on continue
12:59:17.870 [main] INFO  testCases.TC_001_AccountRegistrationTest - Validating expected message
12:59:17.874 [main] INFO  testCases.TC_001_AccountRegistrationTest - ***  Finished TC_001_AccountRegistrationTest ***
12:59:20.003 [main] INFO  testCases.TC_002_LoginTest - Starting TC_002_LoginTest
12:59:21.192 [main] INFO  testCases.TC_002_LoginTest -  Finished TC_002_LoginTest
12:59:57.861 [main] INFO  testCases.TC_001_AccountRegistrationTest - ***Starting TC_001_AccountRegistrationTest***
12:59:58.032 [main] INFO  testCases.TC_001_AccountRegistrationTest - Clicked on My account link
12:59:58.401 [main] INFO  testCases.TC_001_AccountRegistrationTest - Clicked on register link
12:59:58.405 [main] INFO  testCases.TC_001_AccountRegistrationTest - Providing customer data
12:59:58.511 [main] INFO  testCases.TC_001_AccountRegistrationTest - Provided First Name 
12:59:58.592 [main] INFO  testCases.TC_001_AccountRegistrationTest - Provided Last Name 
12:59:58.685 [main] INFO  testCases.TC_001_AccountRegistrationTest - Provided Email 
12:59:58.764 [main] INFO  testCases.TC_001_AccountRegistrationTest - Provided Telephone 
12:59:58.848 [main] INFO  testCases.TC_001_AccountRegistrationTest - Provided Password 
12:59:58.925 [main] INFO  testCases.TC_001_AccountRegistrationTest - Provided Confrmed Password 
12:59:58.986 [main] INFO  testCases.TC_001_AccountRegistrationTest - Set Privacy Policy 
13:00:01.412 [main] INFO  testCases.TC_001_AccountRegistrationTest - Clicked on continue
13:00:03.456 [main] INFO  testCases.TC_001_AccountRegistrationTest - Validating expected message
13:00:03.458 [main] INFO  testCases.TC_001_AccountRegistrationTest - ***  Finished TC_001_AccountRegistrationTest ***
13:00:05.683 [main] INFO  testCases.TC_002_LoginTest - Starting TC_002_LoginTest
13:00:06.799 [main] INFO  testCases.TC_002_LoginTest -  Finished TC_002_LoginTest
13:02:01.670 [main] INFO  testCases.TC_001_AccountRegistrationTest - ***Starting TC_001_AccountRegistrationTest***
13:02:01.849 [main] INFO  testCases.TC_001_AccountRegistrationTest - Clicked on My account link
13:02:02.284 [main] INFO  testCases.TC_001_AccountRegistrationTest - Clicked on register link
13:02:02.300 [main] INFO  testCases.TC_001_AccountRegistrationTest - Providing customer data
13:02:02.423 [main] INFO  testCases.TC_001_AccountRegistrationTest - Provided First Name 
13:02:02.518 [main] INFO  testCases.TC_001_AccountRegistrationTest - Provided Last Name 
13:02:02.631 [main] INFO  testCases.TC_001_AccountRegistrationTest - Provided Email 
13:02:02.714 [main] INFO  testCases.TC_001_AccountRegistrationTest - Provided Telephone 
13:02:02.785 [main] INFO  testCases.TC_001_AccountRegistrationTest - Provided Password 
13:02:02.860 [main] INFO  testCases.TC_001_AccountRegistrationTest - Provided Confrmed Password 
13:02:02.922 [main] INFO  testCases.TC_001_AccountRegistrationTest - Set Privacy Policy 
13:02:05.350 [main] INFO  testCases.TC_001_AccountRegistrationTest - Clicked on continue
13:02:07.438 [main] INFO  testCases.TC_001_AccountRegistrationTest - Validating expected message
13:02:07.441 [main] INFO  testCases.TC_001_AccountRegistrationTest - ***  Finished TC_001_AccountRegistrationTest ***
13:02:10.654 [main] INFO  testCases.TC_002_LoginTest - Starting TC_002_LoginTest
13:02:12.088 [main] INFO  testCases.TC_002_LoginTest -  Finished TC_002_LoginTest
13:04:09.891 [main] INFO  testCases.TC_001_AccountRegistrationTest - ***Starting TC_001_AccountRegistrationTest***
13:04:10.101 [main] INFO  testCases.TC_001_AccountRegistrationTest - Clicked on My account link
13:04:10.573 [main] INFO  testCases.TC_001_AccountRegistrationTest - Clicked on register link
13:04:10.577 [main] INFO  testCases.TC_001_AccountRegistrationTest - Providing customer data
13:04:10.693 [main] INFO  testCases.TC_001_AccountRegistrationTest - Provided First Name 
13:04:10.781 [main] INFO  testCases.TC_001_AccountRegistrationTest - Provided Last Name 
13:04:10.874 [main] INFO  testCases.TC_001_AccountRegistrationTest - Provided Email 
13:04:10.951 [main] INFO  testCases.TC_001_AccountRegistrationTest - Provided Telephone 
13:04:11.026 [main] INFO  testCases.TC_001_AccountRegistrationTest - Provided Password 
13:04:11.101 [main] INFO  testCases.TC_001_AccountRegistrationTest - Provided Confrmed Password 
13:04:11.182 [main] INFO  testCases.TC_001_AccountRegistrationTest - Set Privacy Policy 
13:04:13.583 [main] INFO  testCases.TC_001_AccountRegistrationTest - Clicked on continue
13:04:15.625 [main] INFO  testCases.TC_001_AccountRegistrationTest - Validating expected message
13:04:15.627 [main] INFO  testCases.TC_001_AccountRegistrationTest - ***  Finished TC_001_AccountRegistrationTest ***
13:04:17.738 [main] INFO  testCases.TC_002_LoginTest - Starting TC_002_LoginTest
13:04:18.970 [main] INFO  testCases.TC_002_LoginTest -  Finished TC_002_LoginTest
13:04:38.293 [main] INFO  testCases.TC_001_AccountRegistrationTest - ***Starting TC_001_AccountRegistrationTest***
13:04:38.458 [main] INFO  testCases.TC_001_AccountRegistrationTest - Clicked on My account link
13:04:38.889 [main] INFO  testCases.TC_001_AccountRegistrationTest - Clicked on register link
13:04:38.901 [main] INFO  testCases.TC_001_AccountRegistrationTest - Providing customer data
13:04:39.045 [main] INFO  testCases.TC_001_AccountRegistrationTest - Provided First Name 
13:04:39.177 [main] INFO  testCases.TC_001_AccountRegistrationTest - Provided Last Name 
13:04:39.305 [main] INFO  testCases.TC_001_AccountRegistrationTest - Provided Email 
13:04:39.382 [main] INFO  testCases.TC_001_AccountRegistrationTest - Provided Telephone 
13:04:39.468 [main] INFO  testCases.TC_001_AccountRegistrationTest - Provided Password 
13:04:39.537 [main] INFO  testCases.TC_001_AccountRegistrationTest - Provided Confrmed Password 
13:04:39.595 [main] INFO  testCases.TC_001_AccountRegistrationTest - Set Privacy Policy 
13:04:42.028 [main] INFO  testCases.TC_001_AccountRegistrationTest - Clicked on continue
13:04:44.068 [main] INFO  testCases.TC_001_AccountRegistrationTest - Validating expected message
13:04:44.070 [main] INFO  testCases.TC_001_AccountRegistrationTest - ***  Finished TC_001_AccountRegistrationTest ***
13:04:46.161 [main] INFO  testCases.TC_002_LoginTest - Starting TC_002_LoginTest
13:04:47.299 [main] INFO  testCases.TC_002_LoginTest -  Finished TC_002_LoginTest
